Server running at http://localhost:4000
Native Balance Result: 0.0
Token Balances Result: []
Active Chains Result: EvmWalletActiveChains {
  address: EvmAddress { _value: '0xE8455E72467C6E896f8773309084acd2dFDF6aC1' },
  activeChains: [
    EvmWalletActiveChain {
      chain: 'eth',
      chainId: '0x1',
      firstTransaction: undefined,
      lastTransaction: undefined
    }
  ]
}
DeFi Positions Summary Result: []
Resolved Address Result: null
Wallet NFTs Result: []
Native Balance Result: 0.0
Token Balances Result: []
Active Chains Result: EvmWalletActiveChains {
  address: EvmAddress { _value: '0xE8455E72467C6E896f8773309084acd2dFDF6aC1' },
  activeChains: [
    EvmWalletActiveChain {
      chain: 'eth',
      chainId: '0x1',
      firstTransaction: undefined,
      lastTransaction: undefined
    }
  ]
}
DeFi Positions Summary Result: []
Resolved Address Result: null
Wallet NFTs Result: []
Native Balance Result: 0.0
Token Balances Result: []
Active Chains Result: EvmWalletActiveChains {
  address: EvmAddress { _value: '0xE8455E72467C6E896f8773309084acd2dFDF6aC1' },
  activeChains: [
    EvmWalletActiveChain {
      chain: 'eth',
      chainId: '0x1',
      firstTransaction: undefined,
      lastTransaction: undefined
    }
  ]
}
DeFi Positions Summary Result: []
Resolved Address Result: null
Wallet NFTs Result: []
Native Balance Result: 0.0
Token Balances Result: []
Active Chains Result: EvmWalletActiveChains {
  address: EvmAddress { _value: '0xE8455E72467C6E896f8773309084acd2dFDF6aC1' },
  activeChains: [
    EvmWalletActiveChain {
      chain: 'eth',
      chainId: '0x1',
      firstTransaction: undefined,
      lastTransaction: undefined
    }
  ]
}
DeFi Positions Summary Result: []
Resolved Address Result: null
Wallet NFTs Result: []
Native Balance Result: 0.0
Token Balances Result: []
Active Chains Result: EvmWalletActiveChains {
  address: EvmAddress { _value: '0xE8455E72467C6E896f8773309084acd2dFDF6aC1' },
  activeChains: [
    EvmWalletActiveChain {
      chain: 'eth',
      chainId: '0x1',
      firstTransaction: undefined,
      lastTransaction: undefined
    }
  ]
}
DeFi Positions Summary Result: []
Resolved Address Result: null
Wallet NFTs Result: []
Native Balance Result: 0.0
Token Balances Result: []
Active Chains Result: EvmWalletActiveChains {
  address: EvmAddress { _value: '0xE8455E72467C6E896f8773309084acd2dFDF6aC1' },
  activeChains: [
    EvmWalletActiveChain {
      chain: 'eth',
      chainId: '0x1',
      firstTransaction: undefined,
      lastTransaction: undefined
    }
  ]
}
DeFi Positions Summary Result: []
Resolved Address Result: null
Wallet NFTs Result: []
Native Balance Result: 0.0
Token Balances Result: []
Active Chains Result: EvmWalletActiveChains {
  address: EvmAddress { _value: '0xE8455E72467C6E896f8773309084acd2dFDF6aC1' },
  activeChains: [
    EvmWalletActiveChain {
      chain: 'eth',
      chainId: '0x1',
      firstTransaction: undefined,
      lastTransaction: undefined
    }
  ]
}
DeFi Positions Summary Result: []
Resolved Address Result: null
Wallet NFTs Result: []
